<?xml version="1.0" encoding="UTF-8" ?>
<testsuite tests="4" failures="0" name="il.co.topq.difido.model.TestTestNode" time="0.004" errors="0" skipped="0">
  <properties>
[...]
</properties>
  <testcase classname="il.co.topq.difido.model.TestTestNode" name="testTestNodeEquals" time="0.004"/>
  <testcase classname="il.co.topq.difido.model.TestTestNode" name="testTestNodeCopyConstructore" time="0"/>
  <testcase classname="il.co.topq.difido.model.TestTestNode" name="testTestNodeHashCodeIsEquals" time="0"/>
  <testcase classname="il.co.topq.difido.model.TestTestNode" name="testTestNodeHashCodeIsNotEquals" time="0"/>
</testsuite>