<?xml version="1.0" encoding="UTF-8"?>
<!-- Generated by org.testng.reporters.JUnitXMLReporter -->
<testsuite hostname="DESKTOP-A64RUOI" ignored="0" name="Second Wave" tests="7" failures="0" timestamp="13 May 2017 21:58:26 GMT" time="1.737" errors="0">
  <testcase name="arg0  arg1" time="0.004" classname="il.co.topq.difido.DifidoReporterTestsPart2"/>
  <testcase name="arg0  arg1" time="1.583" classname="il.co.topq.difido.DifidoReporterTestsPart2"/>
  <testcase name="arg0  arg1" time="0.001" classname="il.co.topq.difido.DifidoReporterTestsPart2"/>
  <testcase name="arg0  null" time="0.001" classname="il.co.topq.difido.DifidoReporterTestsPart2"/>
  <testcase name="arg0  arg1" time="0.002" classname="il.co.topq.difido.DifidoReporterTestsPart2"/>
  <testcase name="arg0  arg1" time="0.001" classname="il.co.topq.difido.DifidoReporterTestsPart2"/>
  <testcase name="null  null" time="0.0" classname="il.co.topq.difido.DifidoReporterTestsPart2">
    <skipped/>
  </testcase> <!-- null  null -->
</testsuite> <!-- Second Wave -->
