<?xml version="1.0" encoding="UTF-8"?>
<!-- Generated by org.testng.reporters.JUnitXMLReporter -->
<testsuite hostname="DESKTOP-A64RUOI" ignored="6" name="Third Wave" tests="7" failures="0" timestamp="13 May 2017 21:58:26 GMT" time="0.089" errors="0">
  <testcase name="arg0  arg1" time="0.002" classname="il.co.topq.difido.DifidoReporterTestsPart1"/>
  <testcase name="arg2  arg3" time="0.002" classname="il.co.topq.difido.DifidoReporterTestsPart1"/>
  <testcase name="arg6  arg7" time="0.003" classname="il.co.topq.difido.DifidoReporterTestsPart1"/>
  <testcase name="arg4  arg5" time="0.004" classname="il.co.topq.difido.DifidoReporterTestsPart1"/>
  <testcase name="arg8  arg9" time="0.006" classname="il.co.topq.difido.DifidoReporterTestsPart1"/>
  <testcase name="arg10  arg11" time="0.002" classname="il.co.topq.difido.DifidoReporterTestsPart1"/>
  <testcase name="arg12  arg13" time="0.001" classname="il.co.topq.difido.DifidoReporterTestsPart1"/>
  <testcase name="testWithInsufficientMandatoryParams" time="0.0" classname="il.co.topq.difido.DifidoReporterTestsPart1">
    <ignored/>
  </testcase> <!-- testWithInsufficientMandatoryParams -->
  <testcase name="testWithNoParameters" time="0.0" classname="il.co.topq.difido.DifidoReporterTestsPart1">
    <ignored/>
  </testcase> <!-- testWithNoParameters -->
  <testcase name="anotherRandomTest" time="0.0" classname="il.co.topq.difido.DifidoReporterTestsPart1">
    <ignored/>
  </testcase> <!-- anotherRandomTest -->
  <testcase name="testWithFailure" time="0.0" classname="il.co.topq.difido.DifidoReporterTestsPart1">
    <ignored/>
  </testcase> <!-- testWithFailure -->
  <testcase name="simpleReportCall0" time="0.0" classname="il.co.topq.difido.DifidoReporterTestsPart1">
    <ignored/>
  </testcase> <!-- simpleReportCall0 -->
  <testcase name="testFailOnBeforeMethod" time="0.0" classname="il.co.topq.difido.DifidoReporterTestsPart1">
    <ignored/>
  </testcase> <!-- testFailOnBeforeMethod -->
</testsuite> <!-- Third Wave -->
