<?xml version="1.0" encoding="UTF-8"?>
<testng-results skipped="5" failed="2" ignored="8" total="48" passed="33">
  <reporter-output>
  </reporter-output>
  <suite name="Difido Parallel DataDriven example" duration-ms="4912" started-at="2017-05-13T21:58:23Z" finished-at="2017-05-13T21:58:28Z">
    <groups>
    </groups>
    <test name="First Wave" duration-ms="1360" started-at="2017-05-13T21:58:23Z" finished-at="2017-05-13T21:58:24Z">
      <class name="il.co.topq.difido.DifidoReporterTestsPart1">
        <test-method status="PASS" signature="setUp([Ljava.lang.Object;)[pri:0, instance:il.co.topq.difido.DifidoReporterTestsPart1@5c7fa833]" test-instance-name="null  null" name="setUp" is-config="true" duration-ms="229" started-at="2017-05-14T00:58:23Z" finished-at="2017-05-14T00:58:23Z">
          <params>
            <param index="0">
              <value>
                <![CDATA[[Ljava.lang.Object;@2641e737]]>
              </value>
            </param>
          </params>
          <reporter-output>
          </reporter-output>
        </test-method> <!-- setUp -->
        <test-method status="FAIL" signature="setUp([Ljava.lang.Object;)[pri:0, instance:il.co.topq.difido.DifidoReporterTestsPart1@5c7fa833]" test-instance-name="null  null" name="setUp" is-config="true" duration-ms="228" started-at="2017-05-14T00:58:23Z" finished-at="2017-05-14T00:58:23Z">
          <params>
            <param index="0">
              <value>
                <![CDATA[[Ljava.lang.Object;@2833cc44]]>
              </value>
            </param>
          </params>
          <exception class="java.lang.Exception">
            <message>
              <![CDATA[My failure at before method]]>
            </message>
            <full-stacktrace>
              <![CDATA[java.lang.Exception: My failure at before method
	at il.co.topq.difido.DifidoReporterTestsPart1.setUp(DifidoReporterTestsPart1.java:40)
	at sun.reflect.NativeMethodAccessorImpl.invoke0(Native Method)
	at sun.reflect.NativeMethodAccessorImpl.invoke(NativeMethodAccessorImpl.java:62)
	at sun.reflect.DelegatingMethodAccessorImpl.invoke(DelegatingMethodAccessorImpl.java:43)
	at java.lang.reflect.Method.invoke(Method.java:498)
	at org.testng.internal.MethodInvocationHelper.invokeMethod(MethodInvocationHelper.java:108)
	at org.testng.internal.Invoker.invokeConfigurationMethod(Invoker.java:523)
	at org.testng.internal.Invoker.invokeConfigurations(Invoker.java:224)
	at org.testng.internal.Invoker.invokeMethod(Invoker.java:599)
	at org.testng.internal.Invoker.invokeTestMethod(Invoker.java:869)
	at org.testng.internal.TestMethodWithDataProviderMethodWorker.call(TestMethodWithDataProviderMethodWorker.java:75)
	at org.testng.internal.TestMethodWithDataProviderMethodWorker.call(TestMethodWithDataProviderMethodWorker.java:14)
	at java.util.concurrent.FutureTask.run(FutureTask.java:266)
	at java.util.concurrent.Executors$RunnableAdapter.call(Executors.java:511)
	at java.util.concurrent.FutureTask.run(FutureTask.java:266)
	at java.util.concurrent.ThreadPoolExecutor.runWorker(ThreadPoolExecutor.java:1142)
	at java.util.concurrent.ThreadPoolExecutor$Worker.run(ThreadPoolExecutor.java:617)
	at java.lang.Thread.run(Thread.java:745)
]]>
            </full-stacktrace>
          </exception> <!-- java.lang.Exception -->
          <reporter-output>
          </reporter-output>
        </test-method> <!-- setUp -->
        <test-method status="PASS" signature="setUp([Ljava.lang.Object;)[pri:0, instance:il.co.topq.difido.DifidoReporterTestsPart1@5c7fa833]" test-instance-name="null  null" name="setUp" is-config="true" duration-ms="229" started-at="2017-05-14T00:58:23Z" finished-at="2017-05-14T00:58:23Z">
          <params>
            <param index="0">
              <value>
                <![CDATA[[Ljava.lang.Object;@727803de]]>
              </value>
            </param>
          </params>
          <reporter-output>
          </reporter-output>
        </test-method> <!-- setUp -->
        <test-method status="PASS" signature="setUp([Ljava.lang.Object;)[pri:0, instance:il.co.topq.difido.DifidoReporterTestsPart1@5c7fa833]" test-instance-name="null  null" name="setUp" is-config="true" duration-ms="228" started-at="2017-05-14T00:58:23Z" finished-at="2017-05-14T00:58:23Z">
          <params>
            <param index="0">
              <value>
                <![CDATA[[Ljava.lang.Object;@704921a5]]>
              </value>
            </param>
          </params>
          <reporter-output>
          </reporter-output>
        </test-method> <!-- setUp -->
        <test-method status="PASS" signature="setUp([Ljava.lang.Object;)[pri:0, instance:il.co.topq.difido.DifidoReporterTestsPart1@5c7fa833]" test-instance-name="null  null" name="setUp" is-config="true" duration-ms="7" started-at="2017-05-14T00:58:23Z" finished-at="2017-05-14T00:58:23Z">
          <params>
            <param index="0">
              <value>
                <![CDATA[[Ljava.lang.Object;@df27fae]]>
              </value>
            </param>
          </params>
          <reporter-output>
          </reporter-output>
        </test-method> <!-- setUp -->
        <test-method name="testWithFailure" test-instance-name="null  null" signature="testWithFailure(infra.parallel.jaxb.Iteration)[pri:0, instance:il.co.topq.difido.DifidoReporterTestsPart1@5c7fa833]" status="FAIL" duration-ms="11" finished-at="2017-05-14T00:58:23Z" started-at="2017-05-14T00:58:23Z" data-provider="ParallelDataProvider" description="simple test with a report failure">
          <params>
            <param index="0">
              <value>
                <![CDATA[arg0  null]]>
              </value>
            </param>
          </params>
          <exception class="java.lang.Exception">
            <message>
              <![CDATA[This is my failure]]>
            </message>
            <full-stacktrace>
              <![CDATA[java.lang.Exception: This is my failure
	at il.co.topq.difido.DifidoReporterTestsPart1.testWithFailure(DifidoReporterTestsPart1.java:97)
	at sun.reflect.NativeMethodAccessorImpl.invoke0(Native Method)
	at sun.reflect.NativeMethodAccessorImpl.invoke(NativeMethodAccessorImpl.java:62)
	at sun.reflect.DelegatingMethodAccessorImpl.invoke(DelegatingMethodAccessorImpl.java:43)
	at java.lang.reflect.Method.invoke(Method.java:498)
	at org.testng.internal.MethodInvocationHelper.invokeMethod(MethodInvocationHelper.java:108)
	at org.testng.internal.Invoker.invokeMethod(Invoker.java:661)
	at org.testng.internal.Invoker.invokeTestMethod(Invoker.java:869)
	at org.testng.internal.TestMethodWithDataProviderMethodWorker.call(TestMethodWithDataProviderMethodWorker.java:75)
	at org.testng.internal.TestMethodWithDataProviderMethodWorker.call(TestMethodWithDataProviderMethodWorker.java:14)
	at java.util.concurrent.FutureTask.run(FutureTask.java:266)
	at java.util.concurrent.Executors$RunnableAdapter.call(Executors.java:511)
	at java.util.concurrent.FutureTask.run(FutureTask.java:266)
	at java.util.concurrent.ThreadPoolExecutor.runWorker(ThreadPoolExecutor.java:1142)
	at java.util.concurrent.ThreadPoolExecutor$Worker.run(ThreadPoolExecutor.java:617)
	at java.lang.Thread.run(Thread.java:745)
]]>
            </full-stacktrace>
          </exception> <!-- java.lang.Exception -->
          <reporter-output>
          </reporter-output>
        </test-method> <!-- testWithFailure -->
        <test-method name="anotherRandomTest" test-instance-name="null  null" signature="anotherRandomTest(infra.parallel.jaxb.Iteration)[pri:0, instance:il.co.topq.difido.DifidoReporterTestsPart1@5c7fa833]" status="PASS" duration-ms="14" finished-at="2017-05-14T00:58:23Z" started-at="2017-05-14T00:58:23Z" data-provider="ParallelDataProvider" description="simple test with 3 parameters">
          <params>
            <param index="0">
              <value>
                <![CDATA[arg0  arg1]]>
              </value>
            </param>
          </params>
          <reporter-output>
          </reporter-output>
        </test-method> <!-- anotherRandomTest -->
        <test-method name="testWithInsufficientMandatoryParams" test-instance-name="null  null" signature="testWithInsufficientMandatoryParams(infra.parallel.jaxb.Iteration)[pri:0, instance:il.co.topq.difido.DifidoReporterTestsPart1@5c7fa833]" status="PASS" duration-ms="12" finished-at="2017-05-14T00:58:23Z" started-at="2017-05-14T00:58:23Z" data-provider="ParallelDataProvider" description="test demonstrating mandatory params feature, auto failing a test">
          <params>
            <param index="0">
              <value>
                <![CDATA[arg0  null]]>
              </value>
            </param>
          </params>
          <reporter-output>
          </reporter-output>
        </test-method> <!-- testWithInsufficientMandatoryParams -->
        <test-method name="simpleReportCall0" test-instance-name="null  null" signature="simpleReportCall0(infra.parallel.jaxb.Iteration)[pri:0, instance:il.co.topq.difido.DifidoReporterTestsPart1@5c7fa833]" status="PASS" duration-ms="1008" finished-at="2017-05-14T00:58:24Z" started-at="2017-05-14T00:58:23Z" data-provider="ParallelDataProvider" description="simple report call">
          <params>
            <param index="0">
              <value>
                <![CDATA[arg0  arg1]]>
              </value>
            </param>
          </params>
          <reporter-output>
          </reporter-output>
        </test-method> <!-- simpleReportCall0 -->
        <test-method name="testFailOnBeforeMethod" test-instance-name="null  null" signature="testFailOnBeforeMethod(infra.parallel.jaxb.Iteration)[pri:0, instance:il.co.topq.difido.DifidoReporterTestsPart1@5c7fa833]" status="SKIP" duration-ms="1" finished-at="2017-05-14T00:58:23Z" started-at="2017-05-14T00:58:23Z" data-provider="ParallelDataProvider" description="test with failure on the TestNG before method">
          <exception class="java.lang.Exception">
            <message>
              <![CDATA[My failure at before method]]>
            </message>
            <full-stacktrace>
              <![CDATA[java.lang.Exception: My failure at before method
	at il.co.topq.difido.DifidoReporterTestsPart1.setUp(DifidoReporterTestsPart1.java:40)
	at sun.reflect.NativeMethodAccessorImpl.invoke0(Native Method)
	at sun.reflect.NativeMethodAccessorImpl.invoke(NativeMethodAccessorImpl.java:62)
	at sun.reflect.DelegatingMethodAccessorImpl.invoke(DelegatingMethodAccessorImpl.java:43)
	at java.lang.reflect.Method.invoke(Method.java:498)
	at org.testng.internal.MethodInvocationHelper.invokeMethod(MethodInvocationHelper.java:108)
	at org.testng.internal.Invoker.invokeConfigurationMethod(Invoker.java:523)
	at org.testng.internal.Invoker.invokeConfigurations(Invoker.java:224)
	at org.testng.internal.Invoker.invokeMethod(Invoker.java:599)
	at org.testng.internal.Invoker.invokeTestMethod(Invoker.java:869)
	at org.testng.internal.TestMethodWithDataProviderMethodWorker.call(TestMethodWithDataProviderMethodWorker.java:75)
	at org.testng.internal.TestMethodWithDataProviderMethodWorker.call(TestMethodWithDataProviderMethodWorker.java:14)
	at java.util.concurrent.FutureTask.run(FutureTask.java:266)
	at java.util.concurrent.Executors$RunnableAdapter.call(Executors.java:511)
	at java.util.concurrent.FutureTask.run(FutureTask.java:266)
	at java.util.concurrent.ThreadPoolExecutor.runWorker(ThreadPoolExecutor.java:1142)
	at java.util.concurrent.ThreadPoolExecutor$Worker.run(ThreadPoolExecutor.java:617)
	at java.lang.Thread.run(Thread.java:745)
]]>
            </full-stacktrace>
          </exception> <!-- java.lang.Exception -->
          <reporter-output>
          </reporter-output>
        </test-method> <!-- testFailOnBeforeMethod -->
        <test-method status="SKIP" signature="setUp([Ljava.lang.Object;)[pri:0, instance:il.co.topq.difido.DifidoReporterTestsPart1@5c7fa833]" test-instance-name="null  null" name="setUp" is-config="true" duration-ms="0" started-at="2017-05-14T00:58:23Z" finished-at="2017-05-14T00:58:23Z">
          <reporter-output>
          </reporter-output>
        </test-method> <!-- setUp -->
        <test-method name="testWithNoParameters" test-instance-name="null  null" signature="testWithNoParameters(infra.parallel.jaxb.Iteration)[pri:0, instance:il.co.topq.difido.DifidoReporterTestsPart1@5c7fa833]" status="SKIP" duration-ms="0" finished-at="2017-05-14T00:58:23Z" started-at="2017-05-14T00:58:23Z" data-provider="ParallelDataProvider" description="test with no parameters">
          <exception class="java.lang.Exception">
            <message>
              <![CDATA[My failure at before method]]>
            </message>
            <full-stacktrace>
              <![CDATA[java.lang.Exception: My failure at before method
	at il.co.topq.difido.DifidoReporterTestsPart1.setUp(DifidoReporterTestsPart1.java:40)
	at sun.reflect.NativeMethodAccessorImpl.invoke0(Native Method)
	at sun.reflect.NativeMethodAccessorImpl.invoke(NativeMethodAccessorImpl.java:62)
	at sun.reflect.DelegatingMethodAccessorImpl.invoke(DelegatingMethodAccessorImpl.java:43)
	at java.lang.reflect.Method.invoke(Method.java:498)
	at org.testng.internal.MethodInvocationHelper.invokeMethod(MethodInvocationHelper.java:108)
	at org.testng.internal.Invoker.invokeConfigurationMethod(Invoker.java:523)
	at org.testng.internal.Invoker.invokeConfigurations(Invoker.java:224)
	at org.testng.internal.Invoker.invokeMethod(Invoker.java:599)
	at org.testng.internal.Invoker.invokeTestMethod(Invoker.java:869)
	at org.testng.internal.TestMethodWithDataProviderMethodWorker.call(TestMethodWithDataProviderMethodWorker.java:75)
	at org.testng.internal.TestMethodWithDataProviderMethodWorker.call(TestMethodWithDataProviderMethodWorker.java:14)
	at java.util.concurrent.FutureTask.run(FutureTask.java:266)
	at java.util.concurrent.Executors$RunnableAdapter.call(Executors.java:511)
	at java.util.concurrent.FutureTask.run(FutureTask.java:266)
	at java.util.concurrent.ThreadPoolExecutor.runWorker(ThreadPoolExecutor.java:1142)
	at java.util.concurrent.ThreadPoolExecutor$Worker.run(ThreadPoolExecutor.java:617)
	at java.lang.Thread.run(Thread.java:745)
]]>
            </full-stacktrace>
          </exception> <!-- java.lang.Exception -->
          <reporter-output>
          </reporter-output>
        </test-method> <!-- testWithNoParameters -->
        <test-method status="SKIP" signature="tearDown()[pri:0, instance:il.co.topq.difido.DifidoReporterTestsPart1@5c7fa833]" test-instance-name="null  null" name="tearDown" is-config="true" duration-ms="0" started-at="2017-05-14T00:58:23Z" finished-at="2017-05-14T00:58:23Z">
          <reporter-output>
          </reporter-output>
        </test-method> <!-- tearDown -->
        <test-method status="SKIP" signature="tearDown()[pri:0, instance:il.co.topq.difido.DifidoReporterTestsPart1@5c7fa833]" test-instance-name="null  null" name="tearDown" is-config="true" duration-ms="0" started-at="2017-05-14T00:58:23Z" finished-at="2017-05-14T00:58:23Z">
          <reporter-output>
          </reporter-output>
        </test-method> <!-- tearDown -->
        <test-method status="SKIP" signature="tearDown()[pri:0, instance:il.co.topq.difido.DifidoReporterTestsPart1@5c7fa833]" test-instance-name="null  null" name="tearDown" is-config="true" duration-ms="0" started-at="2017-05-14T00:58:23Z" finished-at="2017-05-14T00:58:23Z">
          <reporter-output>
          </reporter-output>
        </test-method> <!-- tearDown -->
        <test-method status="SKIP" signature="tearDown()[pri:0, instance:il.co.topq.difido.DifidoReporterTestsPart1@5c7fa833]" test-instance-name="null  null" name="tearDown" is-config="true" duration-ms="0" started-at="2017-05-14T00:58:24Z" finished-at="2017-05-14T00:58:24Z">
          <reporter-output>
          </reporter-output>
        </test-method> <!-- tearDown -->
      </class> <!-- il.co.topq.difido.DifidoReporterTestsPart1 -->
    </test> <!-- First Wave -->
    <test name="Second Wave" duration-ms="1737" started-at="2017-05-13T21:58:24Z" finished-at="2017-05-13T21:58:26Z">
      <class name="il.co.topq.difido.DifidoReporterTestsPart2">
        <test-method status="PASS" signature="setUp([Ljava.lang.Object;)[pri:0, instance:il.co.topq.difido.DifidoReporterTestsPart2@1bce4f0a]" test-instance-name="null  null" name="setUp" is-config="true" duration-ms="12" started-at="2017-05-14T00:58:24Z" finished-at="2017-05-14T00:58:24Z">
          <params>
            <param index="0">
              <value>
                <![CDATA[[Ljava.lang.Object;@24a35978]]>
              </value>
            </param>
          </params>
          <reporter-output>
          </reporter-output>
        </test-method> <!-- setUp -->
        <test-method name="testAddFile" test-instance-name="null  null" signature="testAddFile(infra.parallel.jaxb.Iteration)[pri:0, instance:il.co.topq.difido.DifidoReporterTestsPart2@1bce4f0a]" status="PASS" duration-ms="4" finished-at="2017-05-14T00:58:24Z" started-at="2017-05-14T00:58:24Z" data-provider="ParallelDataProvider" description="test with the file adding feature, presents in a file link">
          <params>
            <param index="0">
              <value>
                <![CDATA[arg0  arg1]]>
              </value>
            </param>
          </params>
          <reporter-output>
          </reporter-output>
        </test-method> <!-- testAddFile -->
        <test-method status="PASS" signature="tearDown()[pri:0, instance:il.co.topq.difido.DifidoReporterTestsPart2@1bce4f0a]" test-instance-name="null  null" name="tearDown" is-config="true" duration-ms="1" started-at="2017-05-14T00:58:24Z" finished-at="2017-05-14T00:58:24Z">
          <reporter-output>
          </reporter-output>
        </test-method> <!-- tearDown -->
        <test-method status="PASS" signature="setUp([Ljava.lang.Object;)[pri:0, instance:il.co.topq.difido.DifidoReporterTestsPart2@1bce4f0a]" test-instance-name="null  null" name="setUp" is-config="true" duration-ms="1" started-at="2017-05-14T00:58:24Z" finished-at="2017-05-14T00:58:24Z">
          <params>
            <param index="0">
              <value>
                <![CDATA[[Ljava.lang.Object;@16f7c8c1]]>
              </value>
            </param>
          </params>
          <reporter-output>
          </reporter-output>
        </test-method> <!-- setUp -->
        <test-method name="testAddScreenshot" test-instance-name="null  null" signature="testAddScreenshot(infra.parallel.jaxb.Iteration)[pri:0, instance:il.co.topq.difido.DifidoReporterTestsPart2@1bce4f0a]" status="PASS" duration-ms="1583" finished-at="2017-05-14T00:58:26Z" started-at="2017-05-14T00:58:24Z" data-provider="ParallelDataProvider" description="test with screenshot adding as an image link, visible as a small tab in the difido reporter">
          <params>
            <param index="0">
              <value>
                <![CDATA[arg0  arg1]]>
              </value>
            </param>
          </params>
          <reporter-output>
          </reporter-output>
        </test-method> <!-- testAddScreenshot -->
        <test-method status="PASS" signature="tearDown()[pri:0, instance:il.co.topq.difido.DifidoReporterTestsPart2@1bce4f0a]" test-instance-name="null  null" name="tearDown" is-config="true" duration-ms="1" started-at="2017-05-14T00:58:26Z" finished-at="2017-05-14T00:58:26Z">
          <reporter-output>
          </reporter-output>
        </test-method> <!-- tearDown -->
        <test-method status="PASS" signature="setUp([Ljava.lang.Object;)[pri:0, instance:il.co.topq.difido.DifidoReporterTestsPart2@1bce4f0a]" test-instance-name="null  null" name="setUp" is-config="true" duration-ms="1" started-at="2017-05-14T00:58:26Z" finished-at="2017-05-14T00:58:26Z">
          <params>
            <param index="0">
              <value>
                <![CDATA[[Ljava.lang.Object;@2f0a87b3]]>
              </value>
            </param>
          </params>
          <reporter-output>
          </reporter-output>
        </test-method> <!-- setUp -->
        <test-method name="testWithEncoding" test-instance-name="null  null" signature="testWithEncoding(infra.parallel.jaxb.Iteration)[pri:0, instance:il.co.topq.difido.DifidoReporterTestsPart2@1bce4f0a]" status="PASS" duration-ms="1" finished-at="2017-05-14T00:58:26Z" started-at="2017-05-14T00:58:26Z" data-provider="ParallelDataProvider" description="No test name entered into annotation">
          <params>
            <param index="0">
              <value>
                <![CDATA[arg0  arg1]]>
              </value>
            </param>
          </params>
          <reporter-output>
          </reporter-output>
        </test-method> <!-- testWithEncoding -->
        <test-method status="PASS" signature="tearDown()[pri:0, instance:il.co.topq.difido.DifidoReporterTestsPart2@1bce4f0a]" test-instance-name="null  null" name="tearDown" is-config="true" duration-ms="2" started-at="2017-05-14T00:58:26Z" finished-at="2017-05-14T00:58:26Z">
          <reporter-output>
          </reporter-output>
        </test-method> <!-- tearDown -->
        <test-method status="PASS" signature="setUp([Ljava.lang.Object;)[pri:0, instance:il.co.topq.difido.DifidoReporterTestsPart2@1bce4f0a]" test-instance-name="null  null" name="setUp" is-config="true" duration-ms="1" started-at="2017-05-14T00:58:26Z" finished-at="2017-05-14T00:58:26Z">
          <params>
            <param index="0">
              <value>
                <![CDATA[[Ljava.lang.Object;@319b92f3]]>
              </value>
            </param>
          </params>
          <reporter-output>
          </reporter-output>
        </test-method> <!-- setUp -->
        <test-method name="testWithError" test-instance-name="null  null" signature="testWithError(infra.parallel.jaxb.Iteration)[pri:0, instance:il.co.topq.difido.DifidoReporterTestsPart2@1bce4f0a]" status="PASS" duration-ms="1" finished-at="2017-05-14T00:58:26Z" started-at="2017-05-14T00:58:26Z" data-provider="ParallelDataProvider" description="No test name entered into annotation">
          <params>
            <param index="0">
              <value>
                <![CDATA[arg0  null]]>
              </value>
            </param>
          </params>
          <reporter-output>
          </reporter-output>
        </test-method> <!-- testWithError -->
        <test-method status="PASS" signature="tearDown()[pri:0, instance:il.co.topq.difido.DifidoReporterTestsPart2@1bce4f0a]" test-instance-name="null  null" name="tearDown" is-config="true" duration-ms="1" started-at="2017-05-14T00:58:26Z" finished-at="2017-05-14T00:58:26Z">
          <reporter-output>
          </reporter-output>
        </test-method> <!-- tearDown -->
        <test-method status="PASS" signature="setUp([Ljava.lang.Object;)[pri:0, instance:il.co.topq.difido.DifidoReporterTestsPart2@1bce4f0a]" test-instance-name="null  null" name="setUp" is-config="true" duration-ms="1" started-at="2017-05-14T00:58:26Z" finished-at="2017-05-14T00:58:26Z">
          <params>
            <param index="0">
              <value>
                <![CDATA[[Ljava.lang.Object;@fcd6521]]>
              </value>
            </param>
          </params>
          <reporter-output>
          </reporter-output>
        </test-method> <!-- setUp -->
        <test-method name="testWithVariousLogMessages" test-instance-name="null  null" signature="testWithVariousLogMessages(infra.parallel.jaxb.Iteration)[pri:0, instance:il.co.topq.difido.DifidoReporterTestsPart2@1bce4f0a]" status="PASS" duration-ms="2" finished-at="2017-05-14T00:58:26Z" started-at="2017-05-14T00:58:26Z" data-provider="ParallelDataProvider" description="a test with various report log messages">
          <params>
            <param index="0">
              <value>
                <![CDATA[arg0  arg1]]>
              </value>
            </param>
          </params>
          <reporter-output>
          </reporter-output>
        </test-method> <!-- testWithVariousLogMessages -->
        <test-method status="PASS" signature="tearDown()[pri:0, instance:il.co.topq.difido.DifidoReporterTestsPart2@1bce4f0a]" test-instance-name="null  null" name="tearDown" is-config="true" duration-ms="1" started-at="2017-05-14T00:58:26Z" finished-at="2017-05-14T00:58:26Z">
          <reporter-output>
          </reporter-output>
        </test-method> <!-- tearDown -->
        <test-method status="PASS" signature="setUp([Ljava.lang.Object;)[pri:0, instance:il.co.topq.difido.DifidoReporterTestsPart2@1bce4f0a]" test-instance-name="null  null" name="setUp" is-config="true" duration-ms="2" started-at="2017-05-14T00:58:26Z" finished-at="2017-05-14T00:58:26Z">
          <params>
            <param index="0">
              <value>
                <![CDATA[[Ljava.lang.Object;@27d415d9]]>
              </value>
            </param>
          </params>
          <reporter-output>
          </reporter-output>
        </test-method> <!-- setUp -->
        <test-method name="testWithWarning" test-instance-name="null  null" signature="testWithWarning(infra.parallel.jaxb.Iteration)[pri:0, instance:il.co.topq.difido.DifidoReporterTestsPart2@1bce4f0a]" status="PASS" duration-ms="1" finished-at="2017-05-14T00:58:26Z" started-at="2017-05-14T00:58:26Z" data-provider="ParallelDataProvider" description="No test name entered into annotation">
          <params>
            <param index="0">
              <value>
                <![CDATA[arg0  arg1]]>
              </value>
            </param>
          </params>
          <reporter-output>
          </reporter-output>
        </test-method> <!-- testWithWarning -->
        <test-method status="PASS" signature="tearDown()[pri:0, instance:il.co.topq.difido.DifidoReporterTestsPart2@1bce4f0a]" test-instance-name="null  null" name="tearDown" is-config="true" duration-ms="1" started-at="2017-05-14T00:58:26Z" finished-at="2017-05-14T00:58:26Z">
          <reporter-output>
          </reporter-output>
        </test-method> <!-- tearDown -->
        <test-method status="SKIP" signature="testWithWrongParallelMethodSignature(java.lang.String)[pri:0, instance:il.co.topq.difido.DifidoReporterTestsPart2@1bce4f0a]" test-instance-name="null  null" name="testWithWrongParallelMethodSignature" duration-ms="0" started-at="2017-05-14T00:58:26Z" data-provider="ParallelDataProvider" finished-at="2017-05-14T00:58:26Z">
          <exception class="java.lang.RuntimeException">
            <message>
              <![CDATA[java.lang.Exception: Parallel framework exception:  wrong method signature!test method: testWithWrongParallelMethodSignature must contain an Iteration argument, in class: DifidoReporterTestsPart2]]>
            </message>
            <full-stacktrace>
              <![CDATA[java.lang.RuntimeException: java.lang.Exception: Parallel framework exception:  wrong method signature!test method: testWithWrongParallelMethodSignature must contain an Iteration argument, in class: DifidoReporterTestsPart2
	at org.testng.internal.MethodInvocationHelper.invokeMethodNoCheckedException(MethodInvocationHelper.java:49)
	at org.testng.internal.MethodInvocationHelper.invokeDataProvider(MethodInvocationHelper.java:115)
	at org.testng.internal.Parameters.handleParameters(Parameters.java:509)
	at org.testng.internal.Invoker.handleParameters(Invoker.java:1308)
	at org.testng.internal.Invoker.createParameters(Invoker.java:1036)
	at org.testng.internal.Invoker.invokeTestMethods(Invoker.java:1126)
	at org.testng.internal.TestMethodWorker.invokeTestMethods(TestMethodWorker.java:126)
	at org.testng.internal.TestMethodWorker.run(TestMethodWorker.java:109)
	at org.testng.TestRunner.privateRun(TestRunner.java:744)
	at org.testng.TestRunner.run(TestRunner.java:602)
	at org.testng.SuiteRunner.runTest(SuiteRunner.java:380)
	at org.testng.SuiteRunner.runSequentially(SuiteRunner.java:375)
	at org.testng.SuiteRunner.privateRun(SuiteRunner.java:340)
	at org.testng.SuiteRunner.run(SuiteRunner.java:289)
	at org.testng.SuiteRunnerWorker.runSuite(SuiteRunnerWorker.java:52)
	at org.testng.SuiteRunnerWorker.run(SuiteRunnerWorker.java:86)
	at org.testng.TestNG.runSuitesSequentially(TestNG.java:1301)
	at org.testng.TestNG.runSuitesLocally(TestNG.java:1226)
	at org.testng.TestNG.runSuites(TestNG.java:1144)
	at org.testng.TestNG.run(TestNG.java:1115)
	at org.testng.remote.AbstractRemoteTestNG.run(AbstractRemoteTestNG.java:132)
	at org.testng.remote.RemoteTestNG.initAndRun(RemoteTestNG.java:230)
	at org.testng.remote.RemoteTestNG.main(RemoteTestNG.java:76)
Caused by: java.lang.Exception: Parallel framework exception:  wrong method signature!test method: testWithWrongParallelMethodSignature must contain an Iteration argument, in class: DifidoReporterTestsPart2
	at infra.parallel.jaxb.Scenarios.testMethodSignatureValidation(Scenarios.java:178)
	at infra.parallel.BaseTest.fileDataProvider(BaseTest.java:129)
	at sun.reflect.NativeMethodAccessorImpl.invoke0(Native Method)
	at sun.reflect.NativeMethodAccessorImpl.invoke(NativeMethodAccessorImpl.java:62)
	at sun.reflect.DelegatingMethodAccessorImpl.invoke(DelegatingMethodAccessorImpl.java:43)
	at java.lang.reflect.Method.invoke(Method.java:498)
	at org.testng.internal.MethodInvocationHelper.invokeMethod(MethodInvocationHelper.java:108)
	at org.testng.internal.MethodInvocationHelper.invokeMethod(MethodInvocationHelper.java:55)
	at org.testng.internal.MethodInvocationHelper.invokeMethodNoCheckedException(MethodInvocationHelper.java:45)
	... 22 more
]]>
            </full-stacktrace>
          </exception> <!-- java.lang.RuntimeException -->
          <reporter-output>
          </reporter-output>
        </test-method> <!-- testWithWrongParallelMethodSignature -->
      </class> <!-- il.co.topq.difido.DifidoReporterTestsPart2 -->
    </test> <!-- Second Wave -->
    <test name="Third Wave" duration-ms="89" started-at="2017-05-13T21:58:26Z" finished-at="2017-05-13T21:58:26Z">
      <class name="il.co.topq.difido.DifidoReporterTestsPart1">
        <test-method status="PASS" signature="setUp([Ljava.lang.Object;)[pri:0, instance:il.co.topq.difido.DifidoReporterTestsPart1@7cd62f43]" test-instance-name="null  null" name="setUp" is-config="true" duration-ms="2" started-at="2017-05-14T00:58:26Z" finished-at="2017-05-14T00:58:26Z">
          <params>
            <param index="0">
              <value>
                <![CDATA[[Ljava.lang.Object;@5c18298f]]>
              </value>
            </param>
          </params>
          <reporter-output>
          </reporter-output>
        </test-method> <!-- setUp -->
        <test-method status="PASS" signature="setUp([Ljava.lang.Object;)[pri:0, instance:il.co.topq.difido.DifidoReporterTestsPart1@7cd62f43]" test-instance-name="null  null" name="setUp" is-config="true" duration-ms="3" started-at="2017-05-14T00:58:26Z" finished-at="2017-05-14T00:58:26Z">
          <params>
            <param index="0">
              <value>
                <![CDATA[[Ljava.lang.Object;@31f924f5]]>
              </value>
            </param>
          </params>
          <reporter-output>
          </reporter-output>
        </test-method> <!-- setUp -->
        <test-method status="PASS" signature="setUp([Ljava.lang.Object;)[pri:0, instance:il.co.topq.difido.DifidoReporterTestsPart1@7cd62f43]" test-instance-name="null  null" name="setUp" is-config="true" duration-ms="2" started-at="2017-05-14T00:58:26Z" finished-at="2017-05-14T00:58:26Z">
          <params>
            <param index="0">
              <value>
                <![CDATA[[Ljava.lang.Object;@5579bb86]]>
              </value>
            </param>
          </params>
          <reporter-output>
          </reporter-output>
        </test-method> <!-- setUp -->
        <test-method status="PASS" signature="setUp([Ljava.lang.Object;)[pri:0, instance:il.co.topq.difido.DifidoReporterTestsPart1@7cd62f43]" test-instance-name="null  null" name="setUp" is-config="true" duration-ms="2" started-at="2017-05-14T00:58:26Z" finished-at="2017-05-14T00:58:26Z">
          <params>
            <param index="0">
              <value>
                <![CDATA[[Ljava.lang.Object;@5204062d]]>
              </value>
            </param>
          </params>
          <reporter-output>
          </reporter-output>
        </test-method> <!-- setUp -->
        <test-method status="PASS" signature="setUp([Ljava.lang.Object;)[pri:0, instance:il.co.topq.difido.DifidoReporterTestsPart1@7cd62f43]" test-instance-name="null  null" name="setUp" is-config="true" duration-ms="2" started-at="2017-05-14T00:58:26Z" finished-at="2017-05-14T00:58:26Z">
          <params>
            <param index="0">
              <value>
                <![CDATA[[Ljava.lang.Object;@4fcd19b3]]>
              </value>
            </param>
          </params>
          <reporter-output>
          </reporter-output>
        </test-method> <!-- setUp -->
        <test-method name="parallelTest" test-instance-name="null  null" signature="parallelTest(infra.parallel.jaxb.Iteration)[pri:0, instance:il.co.topq.difido.DifidoReporterTestsPart1@7cd62f43]" status="PASS" duration-ms="2" finished-at="2017-05-14T00:58:26Z" started-at="2017-05-14T00:58:26Z" data-provider="ParallelDataProvider" description="test demonstrating the parallel feature">
          <params>
            <param index="0">
              <value>
                <![CDATA[arg0  arg1]]>
              </value>
            </param>
          </params>
          <reporter-output>
          </reporter-output>
        </test-method> <!-- parallelTest -->
        <test-method name="parallelTest" test-instance-name="null  null" signature="parallelTest(infra.parallel.jaxb.Iteration)[pri:0, instance:il.co.topq.difido.DifidoReporterTestsPart1@7cd62f43]" status="PASS" duration-ms="2" finished-at="2017-05-14T00:58:26Z" started-at="2017-05-14T00:58:26Z" data-provider="ParallelDataProvider" description="test demonstrating the parallel feature">
          <params>
            <param index="0">
              <value>
                <![CDATA[arg2  arg3]]>
              </value>
            </param>
          </params>
          <reporter-output>
          </reporter-output>
        </test-method> <!-- parallelTest -->
        <test-method name="parallelTest" test-instance-name="null  null" signature="parallelTest(infra.parallel.jaxb.Iteration)[pri:0, instance:il.co.topq.difido.DifidoReporterTestsPart1@7cd62f43]" status="PASS" duration-ms="3" finished-at="2017-05-14T00:58:26Z" started-at="2017-05-14T00:58:26Z" data-provider="ParallelDataProvider" description="test demonstrating the parallel feature">
          <params>
            <param index="0">
              <value>
                <![CDATA[arg6  arg7]]>
              </value>
            </param>
          </params>
          <reporter-output>
          </reporter-output>
        </test-method> <!-- parallelTest -->
        <test-method name="parallelTest" test-instance-name="null  null" signature="parallelTest(infra.parallel.jaxb.Iteration)[pri:0, instance:il.co.topq.difido.DifidoReporterTestsPart1@7cd62f43]" status="PASS" duration-ms="6" finished-at="2017-05-14T00:58:26Z" started-at="2017-05-14T00:58:26Z" data-provider="ParallelDataProvider" description="test demonstrating the parallel feature">
          <params>
            <param index="0">
              <value>
                <![CDATA[arg8  arg9]]>
              </value>
            </param>
          </params>
          <reporter-output>
          </reporter-output>
        </test-method> <!-- parallelTest -->
        <test-method name="parallelTest" test-instance-name="null  null" signature="parallelTest(infra.parallel.jaxb.Iteration)[pri:0, instance:il.co.topq.difido.DifidoReporterTestsPart1@7cd62f43]" status="PASS" duration-ms="4" finished-at="2017-05-14T00:58:26Z" started-at="2017-05-14T00:58:26Z" data-provider="ParallelDataProvider" description="test demonstrating the parallel feature">
          <params>
            <param index="0">
              <value>
                <![CDATA[arg4  arg5]]>
              </value>
            </param>
          </params>
          <reporter-output>
          </reporter-output>
        </test-method> <!-- parallelTest -->
        <test-method status="PASS" signature="tearDown()[pri:0, instance:il.co.topq.difido.DifidoReporterTestsPart1@7cd62f43]" test-instance-name="null  null" name="tearDown" is-config="true" duration-ms="1" started-at="2017-05-14T00:58:26Z" finished-at="2017-05-14T00:58:26Z">
          <reporter-output>
          </reporter-output>
        </test-method> <!-- tearDown -->
        <test-method status="PASS" signature="setUp([Ljava.lang.Object;)[pri:0, instance:il.co.topq.difido.DifidoReporterTestsPart1@7cd62f43]" test-instance-name="null  null" name="setUp" is-config="true" duration-ms="2" started-at="2017-05-14T00:58:26Z" finished-at="2017-05-14T00:58:26Z">
          <params>
            <param index="0">
              <value>
                <![CDATA[[Ljava.lang.Object;@376b4233]]>
              </value>
            </param>
          </params>
          <reporter-output>
          </reporter-output>
        </test-method> <!-- setUp -->
        <test-method name="parallelTest" test-instance-name="null  null" signature="parallelTest(infra.parallel.jaxb.Iteration)[pri:0, instance:il.co.topq.difido.DifidoReporterTestsPart1@7cd62f43]" status="PASS" duration-ms="2" finished-at="2017-05-14T00:58:26Z" started-at="2017-05-14T00:58:26Z" data-provider="ParallelDataProvider" description="test demonstrating the parallel feature">
          <params>
            <param index="0">
              <value>
                <![CDATA[arg10  arg11]]>
              </value>
            </param>
          </params>
          <reporter-output>
          </reporter-output>
        </test-method> <!-- parallelTest -->
        <test-method status="PASS" signature="tearDown()[pri:0, instance:il.co.topq.difido.DifidoReporterTestsPart1@7cd62f43]" test-instance-name="null  null" name="tearDown" is-config="true" duration-ms="1" started-at="2017-05-14T00:58:26Z" finished-at="2017-05-14T00:58:26Z">
          <reporter-output>
          </reporter-output>
        </test-method> <!-- tearDown -->
        <test-method status="PASS" signature="setUp([Ljava.lang.Object;)[pri:0, instance:il.co.topq.difido.DifidoReporterTestsPart1@7cd62f43]" test-instance-name="null  null" name="setUp" is-config="true" duration-ms="1" started-at="2017-05-14T00:58:26Z" finished-at="2017-05-14T00:58:26Z">
          <params>
            <param index="0">
              <value>
                <![CDATA[[Ljava.lang.Object;@2fd66ad3]]>
              </value>
            </param>
          </params>
          <reporter-output>
          </reporter-output>
        </test-method> <!-- setUp -->
        <test-method name="parallelTest" test-instance-name="null  null" signature="parallelTest(infra.parallel.jaxb.Iteration)[pri:0, instance:il.co.topq.difido.DifidoReporterTestsPart1@7cd62f43]" status="PASS" duration-ms="1" finished-at="2017-05-14T00:58:26Z" started-at="2017-05-14T00:58:26Z" data-provider="ParallelDataProvider" description="test demonstrating the parallel feature">
          <params>
            <param index="0">
              <value>
                <![CDATA[arg12  arg13]]>
              </value>
            </param>
          </params>
          <reporter-output>
          </reporter-output>
        </test-method> <!-- parallelTest -->
        <test-method status="PASS" signature="tearDown()[pri:0, instance:il.co.topq.difido.DifidoReporterTestsPart1@7cd62f43]" test-instance-name="null  null" name="tearDown" is-config="true" duration-ms="1" started-at="2017-05-14T00:58:26Z" finished-at="2017-05-14T00:58:26Z">
          <reporter-output>
          </reporter-output>
        </test-method> <!-- tearDown -->
        <test-method status="PASS" signature="tearDown()[pri:0, instance:il.co.topq.difido.DifidoReporterTestsPart1@7cd62f43]" test-instance-name="null  null" name="tearDown" is-config="true" duration-ms="10" started-at="2017-05-14T00:58:26Z" finished-at="2017-05-14T00:58:26Z">
          <reporter-output>
          </reporter-output>
        </test-method> <!-- tearDown -->
        <test-method status="PASS" signature="tearDown()[pri:0, instance:il.co.topq.difido.DifidoReporterTestsPart1@7cd62f43]" test-instance-name="null  null" name="tearDown" is-config="true" duration-ms="1" started-at="2017-05-14T00:58:26Z" finished-at="2017-05-14T00:58:26Z">
          <reporter-output>
          </reporter-output>
        </test-method> <!-- tearDown -->
        <test-method status="PASS" signature="tearDown()[pri:0, instance:il.co.topq.difido.DifidoReporterTestsPart1@7cd62f43]" test-instance-name="null  null" name="tearDown" is-config="true" duration-ms="1" started-at="2017-05-14T00:58:26Z" finished-at="2017-05-14T00:58:26Z">
          <reporter-output>
          </reporter-output>
        </test-method> <!-- tearDown -->
        <test-method status="PASS" signature="tearDown()[pri:0, instance:il.co.topq.difido.DifidoReporterTestsPart1@7cd62f43]" test-instance-name="null  null" name="tearDown" is-config="true" duration-ms="1" started-at="2017-05-14T00:58:26Z" finished-at="2017-05-14T00:58:26Z">
          <reporter-output>
          </reporter-output>
        </test-method> <!-- tearDown -->
      </class> <!-- il.co.topq.difido.DifidoReporterTestsPart1 -->
    </test> <!-- Third Wave -->
    <test name="Fourth Wave" duration-ms="1633" started-at="2017-05-13T21:58:26Z" finished-at="2017-05-13T21:58:28Z">
      <class name="il.co.topq.difido.DifidoReporterTestsPart1">
        <test-method status="PASS" signature="suitePreConfigure(org.testng.ITestContext)[pri:0, instance:il.co.topq.difido.DifidoReporterTestsPart1@42e26948]" test-instance-name="null  null" name="suitePreConfigure" is-config="true" duration-ms="111" started-at="2017-05-14T00:58:23Z" finished-at="2017-05-14T00:58:23Z">
          <params>
            <param index="0">
              <value>
                <![CDATA[org.testng.TestRunner@4c762604]]>
              </value>
            </param>
          </params>
          <reporter-output>
          </reporter-output>
        </test-method> <!-- suitePreConfigure -->
        <test-method status="PASS" signature="setUp([Ljava.lang.Object;)[pri:0, instance:il.co.topq.difido.DifidoReporterTestsPart1@42e26948]" test-instance-name="null  null" name="setUp" is-config="true" duration-ms="1" started-at="2017-05-14T00:58:26Z" finished-at="2017-05-14T00:58:26Z">
          <params>
            <param index="0">
              <value>
                <![CDATA[[Ljava.lang.Object;@5d11346a]]>
              </value>
            </param>
          </params>
          <reporter-output>
          </reporter-output>
        </test-method> <!-- setUp -->
        <test-method status="PASS" signature="setUp([Ljava.lang.Object;)[pri:0, instance:il.co.topq.difido.DifidoReporterTestsPart1@42e26948]" test-instance-name="null  null" name="setUp" is-config="true" duration-ms="2" started-at="2017-05-14T00:58:26Z" finished-at="2017-05-14T00:58:26Z">
          <params>
            <param index="0">
              <value>
                <![CDATA[[Ljava.lang.Object;@7a36aefa]]>
              </value>
            </param>
          </params>
          <reporter-output>
          </reporter-output>
        </test-method> <!-- setUp -->
        <test-method status="FAIL" signature="setUp([Ljava.lang.Object;)[pri:0, instance:il.co.topq.difido.DifidoReporterTestsPart1@42e26948]" test-instance-name="null  null" name="setUp" is-config="true" duration-ms="7" started-at="2017-05-14T00:58:26Z" finished-at="2017-05-14T00:58:26Z">
          <params>
            <param index="0">
              <value>
                <![CDATA[[Ljava.lang.Object;@467aecef]]>
              </value>
            </param>
          </params>
          <exception class="java.lang.Exception">
            <message>
              <![CDATA[My failure at before method]]>
            </message>
            <full-stacktrace>
              <![CDATA[java.lang.Exception: My failure at before method
	at il.co.topq.difido.DifidoReporterTestsPart1.setUp(DifidoReporterTestsPart1.java:40)
	at sun.reflect.NativeMethodAccessorImpl.invoke0(Native Method)
	at sun.reflect.NativeMethodAccessorImpl.invoke(NativeMethodAccessorImpl.java:62)
	at sun.reflect.DelegatingMethodAccessorImpl.invoke(DelegatingMethodAccessorImpl.java:43)
	at java.lang.reflect.Method.invoke(Method.java:498)
	at org.testng.internal.MethodInvocationHelper.invokeMethod(MethodInvocationHelper.java:108)
	at org.testng.internal.Invoker.invokeConfigurationMethod(Invoker.java:523)
	at org.testng.internal.Invoker.invokeConfigurations(Invoker.java:224)
	at org.testng.internal.Invoker.invokeMethod(Invoker.java:599)
	at org.testng.internal.Invoker.invokeTestMethod(Invoker.java:869)
	at org.testng.internal.TestMethodWithDataProviderMethodWorker.call(TestMethodWithDataProviderMethodWorker.java:75)
	at org.testng.internal.TestMethodWithDataProviderMethodWorker.call(TestMethodWithDataProviderMethodWorker.java:14)
	at java.util.concurrent.FutureTask.run(FutureTask.java:266)
	at java.util.concurrent.Executors$RunnableAdapter.call(Executors.java:511)
	at java.util.concurrent.FutureTask.run(FutureTask.java:266)
	at java.util.concurrent.ThreadPoolExecutor.runWorker(ThreadPoolExecutor.java:1142)
	at java.util.concurrent.ThreadPoolExecutor$Worker.run(ThreadPoolExecutor.java:617)
	at java.lang.Thread.run(Thread.java:745)
]]>
            </full-stacktrace>
          </exception> <!-- java.lang.Exception -->
          <reporter-output>
          </reporter-output>
        </test-method> <!-- setUp -->
        <test-method name="testWithFailure" test-instance-name="null  null" signature="testWithFailure(infra.parallel.jaxb.Iteration)[pri:0, instance:il.co.topq.difido.DifidoReporterTestsPart1@42e26948]" status="FAIL" duration-ms="2" finished-at="2017-05-14T00:58:26Z" started-at="2017-05-14T00:58:26Z" data-provider="ParallelDataProvider" description="simple test with a report failure">
          <params>
            <param index="0">
              <value>
                <![CDATA[arg0  null]]>
              </value>
            </param>
          </params>
          <exception class="java.lang.Exception">
            <message>
              <![CDATA[This is my failure]]>
            </message>
            <full-stacktrace>
              <![CDATA[java.lang.Exception: This is my failure
	at il.co.topq.difido.DifidoReporterTestsPart1.testWithFailure(DifidoReporterTestsPart1.java:97)
	at sun.reflect.NativeMethodAccessorImpl.invoke0(Native Method)
	at sun.reflect.NativeMethodAccessorImpl.invoke(NativeMethodAccessorImpl.java:62)
	at sun.reflect.DelegatingMethodAccessorImpl.invoke(DelegatingMethodAccessorImpl.java:43)
	at java.lang.reflect.Method.invoke(Method.java:498)
	at org.testng.internal.MethodInvocationHelper.invokeMethod(MethodInvocationHelper.java:108)
	at org.testng.internal.Invoker.invokeMethod(Invoker.java:661)
	at org.testng.internal.Invoker.invokeTestMethod(Invoker.java:869)
	at org.testng.internal.TestMethodWithDataProviderMethodWorker.call(TestMethodWithDataProviderMethodWorker.java:75)
	at org.testng.internal.TestMethodWithDataProviderMethodWorker.call(TestMethodWithDataProviderMethodWorker.java:14)
	at java.util.concurrent.FutureTask.run(FutureTask.java:266)
	at java.util.concurrent.Executors$RunnableAdapter.call(Executors.java:511)
	at java.util.concurrent.FutureTask.run(FutureTask.java:266)
	at java.util.concurrent.ThreadPoolExecutor.runWorker(ThreadPoolExecutor.java:1142)
	at java.util.concurrent.ThreadPoolExecutor$Worker.run(ThreadPoolExecutor.java:617)
	at java.lang.Thread.run(Thread.java:745)
]]>
            </full-stacktrace>
          </exception> <!-- java.lang.Exception -->
          <reporter-output>
          </reporter-output>
        </test-method> <!-- testWithFailure -->
        <test-method status="PASS" signature="setUp([Ljava.lang.Object;)[pri:0, instance:il.co.topq.difido.DifidoReporterTestsPart1@42e26948]" test-instance-name="null  null" name="setUp" is-config="true" duration-ms="3" started-at="2017-05-14T00:58:26Z" finished-at="2017-05-14T00:58:26Z">
          <params>
            <param index="0">
              <value>
                <![CDATA[[Ljava.lang.Object;@17211155]]>
              </value>
            </param>
          </params>
          <reporter-output>
          </reporter-output>
        </test-method> <!-- setUp -->
        <test-method status="PASS" signature="setUp([Ljava.lang.Object;)[pri:0, instance:il.co.topq.difido.DifidoReporterTestsPart1@42e26948]" test-instance-name="null  null" name="setUp" is-config="true" duration-ms="9" started-at="2017-05-14T00:58:26Z" finished-at="2017-05-14T00:58:26Z">
          <params>
            <param index="0">
              <value>
                <![CDATA[[Ljava.lang.Object;@10d59286]]>
              </value>
            </param>
          </params>
          <reporter-output>
          </reporter-output>
        </test-method> <!-- setUp -->
        <test-method status="PASS" signature="setUp([Ljava.lang.Object;)[pri:0, instance:il.co.topq.difido.DifidoReporterTestsPart1@42e26948]" test-instance-name="null  null" name="setUp" is-config="true" duration-ms="7" started-at="2017-05-14T00:58:26Z" finished-at="2017-05-14T00:58:26Z">
          <params>
            <param index="0">
              <value>
                <![CDATA[[Ljava.lang.Object;@b3d7190]]>
              </value>
            </param>
          </params>
          <reporter-output>
          </reporter-output>
        </test-method> <!-- setUp -->
        <test-method status="PASS" signature="setUp([Ljava.lang.Object;)[pri:0, instance:il.co.topq.difido.DifidoReporterTestsPart1@42e26948]" test-instance-name="null  null" name="setUp" is-config="true" duration-ms="6" started-at="2017-05-14T00:58:26Z" finished-at="2017-05-14T00:58:26Z">
          <params>
            <param index="0">
              <value>
                <![CDATA[[Ljava.lang.Object;@5fdba6f9]]>
              </value>
            </param>
          </params>
          <reporter-output>
          </reporter-output>
        </test-method> <!-- setUp -->
        <test-method name="anotherRandomTest" test-instance-name="null  null" signature="anotherRandomTest(infra.parallel.jaxb.Iteration)[pri:0, instance:il.co.topq.difido.DifidoReporterTestsPart1@42e26948]" status="PASS" duration-ms="2" finished-at="2017-05-14T00:58:26Z" started-at="2017-05-14T00:58:26Z" data-provider="ParallelDataProvider" description="simple test with 3 parameters">
          <params>
            <param index="0">
              <value>
                <![CDATA[arg0  arg1]]>
              </value>
            </param>
          </params>
          <reporter-output>
          </reporter-output>
        </test-method> <!-- anotherRandomTest -->
        <test-method status="PASS" signature="setUp([Ljava.lang.Object;)[pri:0, instance:il.co.topq.difido.DifidoReporterTestsPart1@42e26948]" test-instance-name="null  null" name="setUp" is-config="true" duration-ms="8" started-at="2017-05-14T00:58:26Z" finished-at="2017-05-14T00:58:26Z">
          <params>
            <param index="0">
              <value>
                <![CDATA[[Ljava.lang.Object;@fe18270]]>
              </value>
            </param>
          </params>
          <reporter-output>
          </reporter-output>
        </test-method> <!-- setUp -->
        <test-method status="PASS" signature="setUp([Ljava.lang.Object;)[pri:0, instance:il.co.topq.difido.DifidoReporterTestsPart1@42e26948]" test-instance-name="null  null" name="setUp" is-config="true" duration-ms="10" started-at="2017-05-14T00:58:26Z" finished-at="2017-05-14T00:58:26Z">
          <params>
            <param index="0">
              <value>
                <![CDATA[[Ljava.lang.Object;@6fb0d3ed]]>
              </value>
            </param>
          </params>
          <reporter-output>
          </reporter-output>
        </test-method> <!-- setUp -->
        <test-method name="parallelTest" test-instance-name="null  null" signature="parallelTest(infra.parallel.jaxb.Iteration)[pri:0, instance:il.co.topq.difido.DifidoReporterTestsPart1@42e26948]" status="PASS" duration-ms="1" finished-at="2017-05-14T00:58:26Z" started-at="2017-05-14T00:58:26Z" data-provider="ParallelDataProvider" description="test demonstrating the parallel feature">
          <params>
            <param index="0">
              <value>
                <![CDATA[arg0  arg1]]>
              </value>
            </param>
          </params>
          <reporter-output>
          </reporter-output>
        </test-method> <!-- parallelTest -->
        <test-method name="parallelTest" test-instance-name="null  null" signature="parallelTest(infra.parallel.jaxb.Iteration)[pri:0, instance:il.co.topq.difido.DifidoReporterTestsPart1@42e26948]" status="PASS" duration-ms="2" finished-at="2017-05-14T00:58:26Z" started-at="2017-05-14T00:58:26Z" data-provider="ParallelDataProvider" description="test demonstrating the parallel feature">
          <params>
            <param index="0">
              <value>
                <![CDATA[arg2  arg3]]>
              </value>
            </param>
          </params>
          <reporter-output>
          </reporter-output>
        </test-method> <!-- parallelTest -->
        <test-method name="parallelTest" test-instance-name="null  null" signature="parallelTest(infra.parallel.jaxb.Iteration)[pri:0, instance:il.co.topq.difido.DifidoReporterTestsPart1@42e26948]" status="PASS" duration-ms="1" finished-at="2017-05-14T00:58:26Z" started-at="2017-05-14T00:58:26Z" data-provider="ParallelDataProvider" description="test demonstrating the parallel feature">
          <params>
            <param index="0">
              <value>
                <![CDATA[arg6  arg7]]>
              </value>
            </param>
          </params>
          <reporter-output>
          </reporter-output>
        </test-method> <!-- parallelTest -->
        <test-method name="parallelTest" test-instance-name="null  null" signature="parallelTest(infra.parallel.jaxb.Iteration)[pri:0, instance:il.co.topq.difido.DifidoReporterTestsPart1@42e26948]" status="PASS" duration-ms="3" finished-at="2017-05-14T00:58:26Z" started-at="2017-05-14T00:58:26Z" data-provider="ParallelDataProvider" description="test demonstrating the parallel feature">
          <params>
            <param index="0">
              <value>
                <![CDATA[arg8  arg9]]>
              </value>
            </param>
          </params>
          <reporter-output>
          </reporter-output>
        </test-method> <!-- parallelTest -->
        <test-method name="parallelTest" test-instance-name="null  null" signature="parallelTest(infra.parallel.jaxb.Iteration)[pri:0, instance:il.co.topq.difido.DifidoReporterTestsPart1@42e26948]" status="PASS" duration-ms="1" finished-at="2017-05-14T00:58:26Z" started-at="2017-05-14T00:58:26Z" data-provider="ParallelDataProvider" description="test demonstrating the parallel feature">
          <params>
            <param index="0">
              <value>
                <![CDATA[arg4  arg5]]>
              </value>
            </param>
          </params>
          <reporter-output>
          </reporter-output>
        </test-method> <!-- parallelTest -->
        <test-method name="simpleReportCall0" test-instance-name="null  null" signature="simpleReportCall0(infra.parallel.jaxb.Iteration)[pri:0, instance:il.co.topq.difido.DifidoReporterTestsPart1@42e26948]" status="PASS" duration-ms="1001" finished-at="2017-05-14T00:58:27Z" started-at="2017-05-14T00:58:26Z" data-provider="ParallelDataProvider" description="simple report call">
          <params>
            <param index="0">
              <value>
                <![CDATA[arg0  arg1]]>
              </value>
            </param>
          </params>
          <reporter-output>
          </reporter-output>
        </test-method> <!-- simpleReportCall0 -->
        <test-method status="PASS" signature="tearDown()[pri:0, instance:il.co.topq.difido.DifidoReporterTestsPart1@42e26948]" test-instance-name="null  null" name="tearDown" is-config="true" duration-ms="13" started-at="2017-05-14T00:58:26Z" finished-at="2017-05-14T00:58:26Z">
          <reporter-output>
          </reporter-output>
        </test-method> <!-- tearDown -->
        <test-method status="PASS" signature="tearDown()[pri:0, instance:il.co.topq.difido.DifidoReporterTestsPart1@42e26948]" test-instance-name="null  null" name="tearDown" is-config="true" duration-ms="1" started-at="2017-05-14T00:58:26Z" finished-at="2017-05-14T00:58:26Z">
          <reporter-output>
          </reporter-output>
        </test-method> <!-- tearDown -->
        <test-method status="PASS" signature="setUp([Ljava.lang.Object;)[pri:0, instance:il.co.topq.difido.DifidoReporterTestsPart1@42e26948]" test-instance-name="null  null" name="setUp" is-config="true" duration-ms="1" started-at="2017-05-14T00:58:26Z" finished-at="2017-05-14T00:58:26Z">
          <params>
            <param index="0">
              <value>
                <![CDATA[[Ljava.lang.Object;@6dde5c8c]]>
              </value>
            </param>
          </params>
          <reporter-output>
          </reporter-output>
        </test-method> <!-- setUp -->
        <test-method name="testWithNoParameters" test-instance-name="null  null" signature="testWithNoParameters(infra.parallel.jaxb.Iteration)[pri:0, instance:il.co.topq.difido.DifidoReporterTestsPart1@42e26948]" status="PASS" duration-ms="2" finished-at="2017-05-14T00:58:26Z" started-at="2017-05-14T00:58:26Z" data-provider="ParallelDataProvider" description="test with no parameters">
          <params>
            <param index="0">
              <value>
                <![CDATA[null  null]]>
              </value>
            </param>
          </params>
          <reporter-output>
          </reporter-output>
        </test-method> <!-- testWithNoParameters -->
        <test-method status="PASS" signature="tearDown()[pri:0, instance:il.co.topq.difido.DifidoReporterTestsPart1@42e26948]" test-instance-name="null  null" name="tearDown" is-config="true" duration-ms="1" started-at="2017-05-14T00:58:26Z" finished-at="2017-05-14T00:58:26Z">
          <reporter-output>
          </reporter-output>
        </test-method> <!-- tearDown -->
        <test-method status="PASS" signature="setUp([Ljava.lang.Object;)[pri:0, instance:il.co.topq.difido.DifidoReporterTestsPart1@42e26948]" test-instance-name="null  null" name="setUp" is-config="true" duration-ms="1" started-at="2017-05-14T00:58:26Z" finished-at="2017-05-14T00:58:26Z">
          <params>
            <param index="0">
              <value>
                <![CDATA[[Ljava.lang.Object;@5123a213]]>
              </value>
            </param>
          </params>
          <reporter-output>
          </reporter-output>
        </test-method> <!-- setUp -->
        <test-method name="parallelTest" test-instance-name="null  null" signature="parallelTest(infra.parallel.jaxb.Iteration)[pri:0, instance:il.co.topq.difido.DifidoReporterTestsPart1@42e26948]" status="PASS" duration-ms="1" finished-at="2017-05-14T00:58:26Z" started-at="2017-05-14T00:58:26Z" data-provider="ParallelDataProvider" description="test demonstrating the parallel feature">
          <params>
            <param index="0">
              <value>
                <![CDATA[arg10  arg11]]>
              </value>
            </param>
          </params>
          <reporter-output>
          </reporter-output>
        </test-method> <!-- parallelTest -->
        <test-method status="PASS" signature="tearDown()[pri:0, instance:il.co.topq.difido.DifidoReporterTestsPart1@42e26948]" test-instance-name="null  null" name="tearDown" is-config="true" duration-ms="1" started-at="2017-05-14T00:58:26Z" finished-at="2017-05-14T00:58:26Z">
          <reporter-output>
          </reporter-output>
        </test-method> <!-- tearDown -->
        <test-method status="PASS" signature="setUp([Ljava.lang.Object;)[pri:0, instance:il.co.topq.difido.DifidoReporterTestsPart1@42e26948]" test-instance-name="null  null" name="setUp" is-config="true" duration-ms="1" started-at="2017-05-14T00:58:26Z" finished-at="2017-05-14T00:58:26Z">
          <params>
            <param index="0">
              <value>
                <![CDATA[[Ljava.lang.Object;@52525845]]>
              </value>
            </param>
          </params>
          <reporter-output>
          </reporter-output>
        </test-method> <!-- setUp -->
        <test-method name="testWithInsufficientMandatoryParams" test-instance-name="null  null" signature="testWithInsufficientMandatoryParams(infra.parallel.jaxb.Iteration)[pri:0, instance:il.co.topq.difido.DifidoReporterTestsPart1@42e26948]" status="PASS" duration-ms="2" finished-at="2017-05-14T00:58:26Z" started-at="2017-05-14T00:58:26Z" data-provider="ParallelDataProvider" description="test demonstrating mandatory params feature, auto failing a test">
          <params>
            <param index="0">
              <value>
                <![CDATA[arg0  null]]>
              </value>
            </param>
          </params>
          <reporter-output>
          </reporter-output>
        </test-method> <!-- testWithInsufficientMandatoryParams -->
        <test-method status="PASS" signature="setUp([Ljava.lang.Object;)[pri:0, instance:il.co.topq.difido.DifidoReporterTestsPart1@42e26948]" test-instance-name="null  null" name="setUp" is-config="true" duration-ms="1" started-at="2017-05-14T00:58:26Z" finished-at="2017-05-14T00:58:26Z">
          <params>
            <param index="0">
              <value>
                <![CDATA[[Ljava.lang.Object;@3b94d659]]>
              </value>
            </param>
          </params>
          <reporter-output>
          </reporter-output>
        </test-method> <!-- setUp -->
        <test-method name="parallelTest" test-instance-name="null  null" signature="parallelTest(infra.parallel.jaxb.Iteration)[pri:0, instance:il.co.topq.difido.DifidoReporterTestsPart1@42e26948]" status="PASS" duration-ms="2" finished-at="2017-05-14T00:58:26Z" started-at="2017-05-14T00:58:26Z" data-provider="ParallelDataProvider" description="test demonstrating the parallel feature">
          <params>
            <param index="0">
              <value>
                <![CDATA[arg12  arg13]]>
              </value>
            </param>
          </params>
          <reporter-output>
          </reporter-output>
        </test-method> <!-- parallelTest -->
        <test-method status="PASS" signature="tearDown()[pri:0, instance:il.co.topq.difido.DifidoReporterTestsPart1@42e26948]" test-instance-name="null  null" name="tearDown" is-config="true" duration-ms="1" started-at="2017-05-14T00:58:26Z" finished-at="2017-05-14T00:58:26Z">
          <reporter-output>
          </reporter-output>
        </test-method> <!-- tearDown -->
        <test-method status="PASS" signature="tearDown()[pri:0, instance:il.co.topq.difido.DifidoReporterTestsPart1@42e26948]" test-instance-name="null  null" name="tearDown" is-config="true" duration-ms="1" started-at="2017-05-14T00:58:26Z" finished-at="2017-05-14T00:58:26Z">
          <reporter-output>
          </reporter-output>
        </test-method> <!-- tearDown -->
        <test-method status="PASS" signature="tearDown()[pri:0, instance:il.co.topq.difido.DifidoReporterTestsPart1@42e26948]" test-instance-name="null  null" name="tearDown" is-config="true" duration-ms="1" started-at="2017-05-14T00:58:26Z" finished-at="2017-05-14T00:58:26Z">
          <reporter-output>
          </reporter-output>
        </test-method> <!-- tearDown -->
        <test-method name="testFailOnBeforeMethod" test-instance-name="null  null" signature="testFailOnBeforeMethod(infra.parallel.jaxb.Iteration)[pri:0, instance:il.co.topq.difido.DifidoReporterTestsPart1@42e26948]" status="SKIP" duration-ms="0" finished-at="2017-05-14T00:58:26Z" started-at="2017-05-14T00:58:26Z" data-provider="ParallelDataProvider" description="test with failure on the TestNG before method">
          <exception class="java.lang.Exception">
            <message>
              <![CDATA[My failure at before method]]>
            </message>
            <full-stacktrace>
              <![CDATA[java.lang.Exception: My failure at before method
	at il.co.topq.difido.DifidoReporterTestsPart1.setUp(DifidoReporterTestsPart1.java:40)
	at sun.reflect.NativeMethodAccessorImpl.invoke0(Native Method)
	at sun.reflect.NativeMethodAccessorImpl.invoke(NativeMethodAccessorImpl.java:62)
	at sun.reflect.DelegatingMethodAccessorImpl.invoke(DelegatingMethodAccessorImpl.java:43)
	at java.lang.reflect.Method.invoke(Method.java:498)
	at org.testng.internal.MethodInvocationHelper.invokeMethod(MethodInvocationHelper.java:108)
	at org.testng.internal.Invoker.invokeConfigurationMethod(Invoker.java:523)
	at org.testng.internal.Invoker.invokeConfigurations(Invoker.java:224)
	at org.testng.internal.Invoker.invokeMethod(Invoker.java:599)
	at org.testng.internal.Invoker.invokeTestMethod(Invoker.java:869)
	at org.testng.internal.TestMethodWithDataProviderMethodWorker.call(TestMethodWithDataProviderMethodWorker.java:75)
	at org.testng.internal.TestMethodWithDataProviderMethodWorker.call(TestMethodWithDataProviderMethodWorker.java:14)
	at java.util.concurrent.FutureTask.run(FutureTask.java:266)
	at java.util.concurrent.Executors$RunnableAdapter.call(Executors.java:511)
	at java.util.concurrent.FutureTask.run(FutureTask.java:266)
	at java.util.concurrent.ThreadPoolExecutor.runWorker(ThreadPoolExecutor.java:1142)
	at java.util.concurrent.ThreadPoolExecutor$Worker.run(ThreadPoolExecutor.java:617)
	at java.lang.Thread.run(Thread.java:745)
]]>
            </full-stacktrace>
          </exception> <!-- java.lang.Exception -->
          <reporter-output>
          </reporter-output>
        </test-method> <!-- testFailOnBeforeMethod -->
        <test-method status="SKIP" signature="tearDown()[pri:0, instance:il.co.topq.difido.DifidoReporterTestsPart1@42e26948]" test-instance-name="null  null" name="tearDown" is-config="true" duration-ms="0" started-at="2017-05-14T00:58:26Z" finished-at="2017-05-14T00:58:26Z">
          <reporter-output>
          </reporter-output>
        </test-method> <!-- tearDown -->
        <test-method status="SKIP" signature="tearDown()[pri:0, instance:il.co.topq.difido.DifidoReporterTestsPart1@42e26948]" test-instance-name="null  null" name="tearDown" is-config="true" duration-ms="0" started-at="2017-05-14T00:58:26Z" finished-at="2017-05-14T00:58:26Z">
          <reporter-output>
          </reporter-output>
        </test-method> <!-- tearDown -->
        <test-method status="SKIP" signature="tearDown()[pri:0, instance:il.co.topq.difido.DifidoReporterTestsPart1@42e26948]" test-instance-name="null  null" name="tearDown" is-config="true" duration-ms="0" started-at="2017-05-14T00:58:26Z" finished-at="2017-05-14T00:58:26Z">
          <reporter-output>
          </reporter-output>
        </test-method> <!-- tearDown -->
        <test-method status="SKIP" signature="tearDown()[pri:0, instance:il.co.topq.difido.DifidoReporterTestsPart1@42e26948]" test-instance-name="null  null" name="tearDown" is-config="true" duration-ms="0" started-at="2017-05-14T00:58:26Z" finished-at="2017-05-14T00:58:26Z">
          <reporter-output>
          </reporter-output>
        </test-method> <!-- tearDown -->
        <test-method status="SKIP" signature="tearDown()[pri:0, instance:il.co.topq.difido.DifidoReporterTestsPart1@42e26948]" test-instance-name="null  null" name="tearDown" is-config="true" duration-ms="0" started-at="2017-05-14T00:58:27Z" finished-at="2017-05-14T00:58:27Z">
          <reporter-output>
          </reporter-output>
        </test-method> <!-- tearDown -->
      </class> <!-- il.co.topq.difido.DifidoReporterTestsPart1 -->
      <class name="il.co.topq.difido.DifidoReporterTestsPart2">
        <test-method status="PASS" signature="setUp([Ljava.lang.Object;)[pri:0, instance:il.co.topq.difido.DifidoReporterTestsPart2@57baeedf]" test-instance-name="null  null" name="setUp" is-config="true" duration-ms="13" started-at="2017-05-14T00:58:26Z" finished-at="2017-05-14T00:58:26Z">
          <params>
            <param index="0">
              <value>
                <![CDATA[[Ljava.lang.Object;@24b1d79b]]>
              </value>
            </param>
          </params>
          <reporter-output>
          </reporter-output>
        </test-method> <!-- setUp -->
        <test-method status="PASS" signature="setUp([Ljava.lang.Object;)[pri:0, instance:il.co.topq.difido.DifidoReporterTestsPart2@57baeedf]" test-instance-name="null  null" name="setUp" is-config="true" duration-ms="1" started-at="2017-05-14T00:58:26Z" finished-at="2017-05-14T00:58:26Z">
          <params>
            <param index="0">
              <value>
                <![CDATA[[Ljava.lang.Object;@68ceda24]]>
              </value>
            </param>
          </params>
          <reporter-output>
          </reporter-output>
        </test-method> <!-- setUp -->
        <test-method name="testAddFile" test-instance-name="null  null" signature="testAddFile(infra.parallel.jaxb.Iteration)[pri:0, instance:il.co.topq.difido.DifidoReporterTestsPart2@57baeedf]" status="PASS" duration-ms="4" finished-at="2017-05-14T00:58:26Z" started-at="2017-05-14T00:58:26Z" data-provider="ParallelDataProvider" description="test with the file adding feature, presents in a file link">
          <params>
            <param index="0">
              <value>
                <![CDATA[arg0  arg1]]>
              </value>
            </param>
          </params>
          <reporter-output>
          </reporter-output>
        </test-method> <!-- testAddFile -->
        <test-method name="testAddScreenshot" test-instance-name="null  null" signature="testAddScreenshot(infra.parallel.jaxb.Iteration)[pri:0, instance:il.co.topq.difido.DifidoReporterTestsPart2@57baeedf]" status="PASS" duration-ms="1465" finished-at="2017-05-14T00:58:28Z" started-at="2017-05-14T00:58:26Z" data-provider="ParallelDataProvider" description="test with screenshot adding as an image link, visible as a small tab in the difido reporter">
          <params>
            <param index="0">
              <value>
                <![CDATA[arg0  arg1]]>
              </value>
            </param>
          </params>
          <reporter-output>
          </reporter-output>
        </test-method> <!-- testAddScreenshot -->
        <test-method status="PASS" signature="setUp([Ljava.lang.Object;)[pri:0, instance:il.co.topq.difido.DifidoReporterTestsPart2@57baeedf]" test-instance-name="null  null" name="setUp" is-config="true" duration-ms="1" started-at="2017-05-14T00:58:26Z" finished-at="2017-05-14T00:58:26Z">
          <params>
            <param index="0">
              <value>
                <![CDATA[[Ljava.lang.Object;@281e3708]]>
              </value>
            </param>
          </params>
          <reporter-output>
          </reporter-output>
        </test-method> <!-- setUp -->
        <test-method name="testWithEncoding" test-instance-name="null  null" signature="testWithEncoding(infra.parallel.jaxb.Iteration)[pri:0, instance:il.co.topq.difido.DifidoReporterTestsPart2@57baeedf]" status="PASS" duration-ms="1" finished-at="2017-05-14T00:58:26Z" started-at="2017-05-14T00:58:26Z" data-provider="ParallelDataProvider" description="No test name entered into annotation">
          <params>
            <param index="0">
              <value>
                <![CDATA[arg0  arg1]]>
              </value>
            </param>
          </params>
          <reporter-output>
          </reporter-output>
        </test-method> <!-- testWithEncoding -->
        <test-method status="PASS" signature="tearDown()[pri:0, instance:il.co.topq.difido.DifidoReporterTestsPart2@57baeedf]" test-instance-name="null  null" name="tearDown" is-config="true" duration-ms="1" started-at="2017-05-14T00:58:26Z" finished-at="2017-05-14T00:58:26Z">
          <reporter-output>
          </reporter-output>
        </test-method> <!-- tearDown -->
        <test-method status="PASS" signature="setUp([Ljava.lang.Object;)[pri:0, instance:il.co.topq.difido.DifidoReporterTestsPart2@57baeedf]" test-instance-name="null  null" name="setUp" is-config="true" duration-ms="1" started-at="2017-05-14T00:58:26Z" finished-at="2017-05-14T00:58:26Z">
          <params>
            <param index="0">
              <value>
                <![CDATA[[Ljava.lang.Object;@35a50a4c]]>
              </value>
            </param>
          </params>
          <reporter-output>
          </reporter-output>
        </test-method> <!-- setUp -->
        <test-method name="testWithError" test-instance-name="null  null" signature="testWithError(infra.parallel.jaxb.Iteration)[pri:0, instance:il.co.topq.difido.DifidoReporterTestsPart2@57baeedf]" status="PASS" duration-ms="1" finished-at="2017-05-14T00:58:26Z" started-at="2017-05-14T00:58:26Z" data-provider="ParallelDataProvider" description="No test name entered into annotation">
          <params>
            <param index="0">
              <value>
                <![CDATA[arg0  null]]>
              </value>
            </param>
          </params>
          <reporter-output>
          </reporter-output>
        </test-method> <!-- testWithError -->
        <test-method status="PASS" signature="setUp([Ljava.lang.Object;)[pri:0, instance:il.co.topq.difido.DifidoReporterTestsPart2@57baeedf]" test-instance-name="null  null" name="setUp" is-config="true" duration-ms="1" started-at="2017-05-14T00:58:26Z" finished-at="2017-05-14T00:58:26Z">
          <params>
            <param index="0">
              <value>
                <![CDATA[[Ljava.lang.Object;@1f021e6c]]>
              </value>
            </param>
          </params>
          <reporter-output>
          </reporter-output>
        </test-method> <!-- setUp -->
        <test-method name="testWithVariousLogMessages" test-instance-name="null  null" signature="testWithVariousLogMessages(infra.parallel.jaxb.Iteration)[pri:0, instance:il.co.topq.difido.DifidoReporterTestsPart2@57baeedf]" status="PASS" duration-ms="6" finished-at="2017-05-14T00:58:26Z" started-at="2017-05-14T00:58:26Z" data-provider="ParallelDataProvider" description="a test with various report log messages">
          <params>
            <param index="0">
              <value>
                <![CDATA[arg0  arg1]]>
              </value>
            </param>
          </params>
          <reporter-output>
          </reporter-output>
        </test-method> <!-- testWithVariousLogMessages -->
        <test-method status="PASS" signature="tearDown()[pri:0, instance:il.co.topq.difido.DifidoReporterTestsPart2@57baeedf]" test-instance-name="null  null" name="tearDown" is-config="true" duration-ms="2" started-at="2017-05-14T00:58:26Z" finished-at="2017-05-14T00:58:26Z">
          <reporter-output>
          </reporter-output>
        </test-method> <!-- tearDown -->
        <test-method status="PASS" signature="setUp([Ljava.lang.Object;)[pri:0, instance:il.co.topq.difido.DifidoReporterTestsPart2@57baeedf]" test-instance-name="null  null" name="setUp" is-config="true" duration-ms="1" started-at="2017-05-14T00:58:26Z" finished-at="2017-05-14T00:58:26Z">
          <params>
            <param index="0">
              <value>
                <![CDATA[[Ljava.lang.Object;@103f852]]>
              </value>
            </param>
          </params>
          <reporter-output>
          </reporter-output>
        </test-method> <!-- setUp -->
        <test-method name="testWithWarning" test-instance-name="null  null" signature="testWithWarning(infra.parallel.jaxb.Iteration)[pri:0, instance:il.co.topq.difido.DifidoReporterTestsPart2@57baeedf]" status="PASS" duration-ms="2" finished-at="2017-05-14T00:58:26Z" started-at="2017-05-14T00:58:26Z" data-provider="ParallelDataProvider" description="No test name entered into annotation">
          <params>
            <param index="0">
              <value>
                <![CDATA[arg0  arg1]]>
              </value>
            </param>
          </params>
          <reporter-output>
          </reporter-output>
        </test-method> <!-- testWithWarning -->
        <test-method status="PASS" signature="tearDown()[pri:0, instance:il.co.topq.difido.DifidoReporterTestsPart2@57baeedf]" test-instance-name="null  null" name="tearDown" is-config="true" duration-ms="1" started-at="2017-05-14T00:58:26Z" finished-at="2017-05-14T00:58:26Z">
          <reporter-output>
          </reporter-output>
        </test-method> <!-- tearDown -->
        <test-method status="PASS" signature="tearDown()[pri:0, instance:il.co.topq.difido.DifidoReporterTestsPart2@57baeedf]" test-instance-name="null  null" name="tearDown" is-config="true" duration-ms="17" started-at="2017-05-14T00:58:26Z" finished-at="2017-05-14T00:58:26Z">
          <reporter-output>
          </reporter-output>
        </test-method> <!-- tearDown -->
        <test-method status="SKIP" signature="testWithWrongParallelMethodSignature(java.lang.String)[pri:0, instance:il.co.topq.difido.DifidoReporterTestsPart2@57baeedf]" test-instance-name="null  null" name="testWithWrongParallelMethodSignature" duration-ms="0" started-at="2017-05-14T00:58:26Z" data-provider="ParallelDataProvider" finished-at="2017-05-14T00:58:26Z">
          <exception class="java.lang.RuntimeException">
            <message>
              <![CDATA[java.lang.Exception: Parallel framework exception:  wrong method signature!test method: testWithWrongParallelMethodSignature must contain an Iteration argument, in class: DifidoReporterTestsPart2]]>
            </message>
            <full-stacktrace>
              <![CDATA[java.lang.RuntimeException: java.lang.Exception: Parallel framework exception:  wrong method signature!test method: testWithWrongParallelMethodSignature must contain an Iteration argument, in class: DifidoReporterTestsPart2
	at org.testng.internal.MethodInvocationHelper.invokeMethodNoCheckedException(MethodInvocationHelper.java:49)
	at org.testng.internal.MethodInvocationHelper.invokeDataProvider(MethodInvocationHelper.java:115)
	at org.testng.internal.Parameters.handleParameters(Parameters.java:509)
	at org.testng.internal.Invoker.handleParameters(Invoker.java:1308)
	at org.testng.internal.Invoker.createParameters(Invoker.java:1036)
	at org.testng.internal.Invoker.invokeTestMethods(Invoker.java:1126)
	at org.testng.internal.TestMethodWorker.invokeTestMethods(TestMethodWorker.java:126)
	at org.testng.internal.TestMethodWorker.run(TestMethodWorker.java:109)
	at java.util.concurrent.ThreadPoolExecutor.runWorker(ThreadPoolExecutor.java:1142)
	at java.util.concurrent.ThreadPoolExecutor$Worker.run(ThreadPoolExecutor.java:617)
	at java.lang.Thread.run(Thread.java:745)
Caused by: java.lang.Exception: Parallel framework exception:  wrong method signature!test method: testWithWrongParallelMethodSignature must contain an Iteration argument, in class: DifidoReporterTestsPart2
	at infra.parallel.jaxb.Scenarios.testMethodSignatureValidation(Scenarios.java:178)
	at infra.parallel.BaseTest.fileDataProvider(BaseTest.java:129)
	at sun.reflect.GeneratedMethodAccessor14.invoke(Unknown Source)
	at sun.reflect.DelegatingMethodAccessorImpl.invoke(DelegatingMethodAccessorImpl.java:43)
	at java.lang.reflect.Method.invoke(Method.java:498)
	at org.testng.internal.MethodInvocationHelper.invokeMethod(MethodInvocationHelper.java:108)
	at org.testng.internal.MethodInvocationHelper.invokeMethod(MethodInvocationHelper.java:55)
	at org.testng.internal.MethodInvocationHelper.invokeMethodNoCheckedException(MethodInvocationHelper.java:45)
	... 10 more
]]>
            </full-stacktrace>
          </exception> <!-- java.lang.RuntimeException -->
          <reporter-output>
          </reporter-output>
        </test-method> <!-- testWithWrongParallelMethodSignature -->
        <test-method status="PASS" signature="tearDown()[pri:0, instance:il.co.topq.difido.DifidoReporterTestsPart2@57baeedf]" test-instance-name="null  null" name="tearDown" is-config="true" duration-ms="2" started-at="2017-05-14T00:58:26Z" finished-at="2017-05-14T00:58:26Z">
          <reporter-output>
          </reporter-output>
        </test-method> <!-- tearDown -->
        <test-method status="PASS" signature="tearDown()[pri:0, instance:il.co.topq.difido.DifidoReporterTestsPart2@57baeedf]" test-instance-name="null  null" name="tearDown" is-config="true" duration-ms="1" started-at="2017-05-14T00:58:28Z" finished-at="2017-05-14T00:58:28Z">
          <reporter-output>
          </reporter-output>
        </test-method> <!-- tearDown -->
      </class> <!-- il.co.topq.difido.DifidoReporterTestsPart2 -->
    </test> <!-- Fourth Wave -->
  </suite> <!-- Difido Parallel DataDriven example -->
</testng-results>
